array-data/car-model-names.asm
array-data/car-models.asm
blank-data/tileset.asm
graphics-next/gunsight.asm
graphics/font.asm
palettes-next/palette1.asm
sprites/player-sprite.asm
tilemaps/level-1-bandits.asm
tilemaps/level-1-collectables.asm
tilemaps/level-1-lifts.asm
tilemaps/level-1-minecarts.asm
tilemaps/level-1-player.asm
tilemaps/level-1-slopes.asm
tilemaps/level-1-tilemap-paths.asm
tilemaps/level-1-tilemap.asm
tilesets/game-tiles-properties.asm
./output/binary/graphics/canal-with-palette.nxi
./output/binary/graphics/canal.nxi
./output/binary/graphics/font-compressed.asm
./output/binary/palettes-next/palette2.pal
./output/binary/sprites-next/gunsight-4bit.asm
./output/binary/sprites-next/gunsight-8bit.asm
sample-text.asm
